2025-05-31 23:43:55 error Error: Cannot set property query of #<IncomingMessage> which has only a getter
TypeError: Cannot set property query of #<IncomingMessage> which has only a getter
    at D:\Work\Express_Secure_App\node_modules\xss-clean\lib\index.js:8:30
    at Layer.handleRequest (D:\Work\Express_Secure_App\node_modules\router\lib\layer.js:152:17)
    at trimPrefix (D:\Work\Express_Secure_App\node_modules\router\index.js:342:13)
    at D:\Work\Express_Secure_App\node_modules\router\index.js:297:9
    at processParams (D:\Work\Express_Secure_App\node_modules\router\index.js:582:12)
    at next (D:\Work\Express_Secure_App\node_modules\router\index.js:291:5)
    at jsonParser (D:\Work\Express_Secure_App\node_modules\body-parser\lib\types\json.js:100:7)
    at Layer.handleRequest (D:\Work\Express_Secure_App\node_modules\router\lib\layer.js:152:17)
    at trimPrefix (D:\Work\Express_Secure_App\node_modules\router\index.js:342:13)
    at D:\Work\Express_Secure_App\node_modules\router\index.js:297:9
2025-05-31 23:43:55 error Error: Cannot set property query of #<IncomingMessage> which has only a getter
TypeError: Cannot set property query of #<IncomingMessage> which has only a getter
    at D:\Work\Express_Secure_App\node_modules\xss-clean\lib\index.js:8:30
    at Layer.handleRequest (D:\Work\Express_Secure_App\node_modules\router\lib\layer.js:152:17)
    at trimPrefix (D:\Work\Express_Secure_App\node_modules\router\index.js:342:13)
    at D:\Work\Express_Secure_App\node_modules\router\index.js:297:9
    at processParams (D:\Work\Express_Secure_App\node_modules\router\index.js:582:12)
    at next (D:\Work\Express_Secure_App\node_modules\router\index.js:291:5)
    at jsonParser (D:\Work\Express_Secure_App\node_modules\body-parser\lib\types\json.js:100:7)
    at Layer.handleRequest (D:\Work\Express_Secure_App\node_modules\router\lib\layer.js:152:17)
    at trimPrefix (D:\Work\Express_Secure_App\node_modules\router\index.js:342:13)
    at D:\Work\Express_Secure_App\node_modules\router\index.js:297:9
2025-05-31 23:45:14 error Error: Cannot set property query of #<IncomingMessage> which has only a getter
TypeError: Cannot set property query of #<IncomingMessage> which has only a getter
    at D:\Work\Express_Secure_App\node_modules\xss-clean\lib\index.js:8:30
    at Layer.handleRequest (D:\Work\Express_Secure_App\node_modules\router\lib\layer.js:152:17)
    at trimPrefix (D:\Work\Express_Secure_App\node_modules\router\index.js:342:13)
    at D:\Work\Express_Secure_App\node_modules\router\index.js:297:9
    at processParams (D:\Work\Express_Secure_App\node_modules\router\index.js:582:12)
    at next (D:\Work\Express_Secure_App\node_modules\router\index.js:291:5)
    at jsonParser (D:\Work\Express_Secure_App\node_modules\body-parser\lib\types\json.js:100:7)
    at Layer.handleRequest (D:\Work\Express_Secure_App\node_modules\router\lib\layer.js:152:17)
    at trimPrefix (D:\Work\Express_Secure_App\node_modules\router\index.js:342:13)
    at D:\Work\Express_Secure_App\node_modules\router\index.js:297:9
2025-05-31 23:45:14 error Error: Cannot set property query of #<IncomingMessage> which has only a getter
TypeError: Cannot set property query of #<IncomingMessage> which has only a getter
    at D:\Work\Express_Secure_App\node_modules\xss-clean\lib\index.js:8:30
    at Layer.handleRequest (D:\Work\Express_Secure_App\node_modules\router\lib\layer.js:152:17)
    at trimPrefix (D:\Work\Express_Secure_App\node_modules\router\index.js:342:13)
    at D:\Work\Express_Secure_App\node_modules\router\index.js:297:9
    at processParams (D:\Work\Express_Secure_App\node_modules\router\index.js:582:12)
    at next (D:\Work\Express_Secure_App\node_modules\router\index.js:291:5)
    at jsonParser (D:\Work\Express_Secure_App\node_modules\body-parser\lib\types\json.js:100:7)
    at Layer.handleRequest (D:\Work\Express_Secure_App\node_modules\router\lib\layer.js:152:17)
    at trimPrefix (D:\Work\Express_Secure_App\node_modules\router\index.js:342:13)
    at D:\Work\Express_Secure_App\node_modules\router\index.js:297:9
2025-05-31 23:49:05 error Redis client not ready for rate limiter.
2025-05-31 23:49:06 error Redis client not ready for rate limiter.
2025-06-01 00:03:24 error Unhandled Rejection at:
2025-06-01 00:04:33 error Unhandled Rejection at:
2025-06-01 00:06:33 error Unhandled Rejection detected, exiting process.
2025-06-01 00:11:49 error Unhandled Rejection detected, exiting process.
2025-06-01 00:18:40 error Failed to start server, caught by startServer: RedisStore is not a constructor
TypeError: RedisStore is not a constructor
    at setupApp (D:\Work\Express_Secure_App\src\app.js:68:16)
    at process.processTicksAndRejections (node:internal/process/task_queues:105:5)
    at async startServer (D:\Work\Express_Secure_App\server.js:43:21)
2025-06-01 00:28:47 error Failed to start server, caught by startServer: RedisStore is not a constructor
TypeError: RedisStore is not a constructor
    at setupApp (D:\Work\Express_Secure_App\src\app.js:70:16)
    at process.processTicksAndRejections (node:internal/process/task_queues:105:5)
    at async startServer (D:\Work\Express_Secure_App\server.js:43:21)
2025-06-01 00:40:09 error Failed to start server, caught by startServer: Cannot find module '../utils/logger'
Require stack:
- D:\Work\Express_Secure_App\src\controllers\authController.js
- D:\Work\Express_Secure_App\src\routes\auth.js
- D:\Work\Express_Secure_App\src\app.js
- D:\Work\Express_Secure_App\server.js
Error: Cannot find module '../utils/logger'
Require stack:
- D:\Work\Express_Secure_App\src\controllers\authController.js
- D:\Work\Express_Secure_App\src\routes\auth.js
- D:\Work\Express_Secure_App\src\app.js
- D:\Work\Express_Secure_App\server.js
    at Function._resolveFilename (node:internal/modules/cjs/loader:1249:15)
    at Function._load (node:internal/modules/cjs/loader:1075:27)
    at TracingChannel.traceSync (node:diagnostics_channel:315:14)
    at wrapModuleLoad (node:internal/modules/cjs/loader:218:24)
    at Module.require (node:internal/modules/cjs/loader:1340:12)
    at require (node:internal/modules/helpers:141:16)
    at Object.<anonymous> (D:\Work\Express_Secure_App\src\controllers\authController.js:4:16)
    at Module._compile (node:internal/modules/cjs/loader:1546:14)
    at Object..js (node:internal/modules/cjs/loader:1689:10)
    at Module.load (node:internal/modules/cjs/loader:1318:32)
2025-06-01 00:40:58 error Failed to start server, caught by startServer: argument handler must be a function
TypeError: argument handler must be a function
    at Route.<computed> [as post] (D:\Work\Express_Secure_App\node_modules\router\lib\route.js:228:15)
    at Router.<computed> [as post] (D:\Work\Express_Secure_App\node_modules\router\index.js:448:19)
    at Object.<anonymous> (D:\Work\Express_Secure_App\src\routes\auth.js:24:8)
    at Module._compile (node:internal/modules/cjs/loader:1546:14)
    at Object..js (node:internal/modules/cjs/loader:1689:10)
    at Module.load (node:internal/modules/cjs/loader:1318:32)
    at Function._load (node:internal/modules/cjs/loader:1128:12)
    at TracingChannel.traceSync (node:diagnostics_channel:315:14)
    at wrapModuleLoad (node:internal/modules/cjs/loader:218:24)
    at Module.require (node:internal/modules/cjs/loader:1340:12)
2025-06-01 00:44:01 error Failed to start server, caught by startServer: argument handler must be a function
TypeError: argument handler must be a function
    at Route.<computed> [as post] (D:\Work\Express_Secure_App\node_modules\router\lib\route.js:228:15)
    at Router.<computed> [as post] (D:\Work\Express_Secure_App\node_modules\router\index.js:448:19)
    at Object.<anonymous> (D:\Work\Express_Secure_App\src\routes\auth.js:26:8)
    at Module._compile (node:internal/modules/cjs/loader:1546:14)
    at Object..js (node:internal/modules/cjs/loader:1689:10)
    at Module.load (node:internal/modules/cjs/loader:1318:32)
    at Function._load (node:internal/modules/cjs/loader:1128:12)
    at TracingChannel.traceSync (node:diagnostics_channel:315:14)
    at wrapModuleLoad (node:internal/modules/cjs/loader:218:24)
    at Module.require (node:internal/modules/cjs/loader:1340:12)
2025-06-01 00:44:57 error Failed to start server, caught by startServer: argument handler must be a function
TypeError: argument handler must be a function
    at Route.<computed> [as post] (D:\Work\Express_Secure_App\node_modules\router\lib\route.js:228:15)
    at Router.<computed> [as post] (D:\Work\Express_Secure_App\node_modules\router\index.js:448:19)
    at Object.<anonymous> (D:\Work\Express_Secure_App\src\routes\auth.js:30:8)
    at Module._compile (node:internal/modules/cjs/loader:1546:14)
    at Object..js (node:internal/modules/cjs/loader:1689:10)
    at Module.load (node:internal/modules/cjs/loader:1318:32)
    at Function._load (node:internal/modules/cjs/loader:1128:12)
    at TracingChannel.traceSync (node:diagnostics_channel:315:14)
    at wrapModuleLoad (node:internal/modules/cjs/loader:218:24)
    at Module.require (node:internal/modules/cjs/loader:1340:12)
2025-06-01 00:46:42 error Failed to start server, caught by startServer: argument handler must be a function
TypeError: argument handler must be a function
    at Route.<computed> [as post] (D:\Work\Express_Secure_App\node_modules\router\lib\route.js:228:15)
    at Router.<computed> [as post] (D:\Work\Express_Secure_App\node_modules\router\index.js:448:19)
    at Object.<anonymous> (D:\Work\Express_Secure_App\src\routes\auth.js:30:8)
    at Module._compile (node:internal/modules/cjs/loader:1546:14)
    at Object..js (node:internal/modules/cjs/loader:1689:10)
    at Module.load (node:internal/modules/cjs/loader:1318:32)
    at Function._load (node:internal/modules/cjs/loader:1128:12)
    at TracingChannel.traceSync (node:diagnostics_channel:315:14)
    at wrapModuleLoad (node:internal/modules/cjs/loader:218:24)
    at Module.require (node:internal/modules/cjs/loader:1340:12)
2025-06-01 00:51:42 error Failed to start server, caught by startServer: argument handler must be a function
TypeError: argument handler must be a function
    at Route.<computed> [as get] (D:\Work\Express_Secure_App\node_modules\router\lib\route.js:228:15)
    at Router.<computed> [as get] (D:\Work\Express_Secure_App\node_modules\router\index.js:448:19)
    at Object.<anonymous> (D:\Work\Express_Secure_App\src\routes\auth.js:25:8)
    at Module._compile (node:internal/modules/cjs/loader:1546:14)
    at Object..js (node:internal/modules/cjs/loader:1689:10)
    at Module.load (node:internal/modules/cjs/loader:1318:32)
    at Function._load (node:internal/modules/cjs/loader:1128:12)
    at TracingChannel.traceSync (node:diagnostics_channel:315:14)
    at wrapModuleLoad (node:internal/modules/cjs/loader:218:24)
    at Module.require (node:internal/modules/cjs/loader:1340:12)
2025-06-01 01:11:44 error Failed to start server, caught by startServer: Cannot find module '../utils/logger'
Require stack:
- D:\Work\Express_Secure_App\src\routes\api.js
- D:\Work\Express_Secure_App\src\app.js
- D:\Work\Express_Secure_App\server.js
Error: Cannot find module '../utils/logger'
Require stack:
- D:\Work\Express_Secure_App\src\routes\api.js
- D:\Work\Express_Secure_App\src\app.js
- D:\Work\Express_Secure_App\server.js
    at Function._resolveFilename (node:internal/modules/cjs/loader:1249:15)
    at Function._load (node:internal/modules/cjs/loader:1075:27)
    at TracingChannel.traceSync (node:diagnostics_channel:315:14)
    at wrapModuleLoad (node:internal/modules/cjs/loader:218:24)
    at Module.require (node:internal/modules/cjs/loader:1340:12)
    at require (node:internal/modules/helpers:141:16)
    at Object.<anonymous> (D:\Work\Express_Secure_App\src\routes\api.js:7:16)
    at Module._compile (node:internal/modules/cjs/loader:1546:14)
    at Object..js (node:internal/modules/cjs/loader:1689:10)
    at Module.load (node:internal/modules/cjs/loader:1318:32)
2025-06-01 01:58:20 error Failed to start server, caught by startServer: csurf is not defined
ReferenceError: csurf is not defined
    at Object.<anonymous> (D:\Work\Express_Secure_App\src\routes\api.js:11:24)
    at Module._compile (node:internal/modules/cjs/loader:1546:14)
    at Object..js (node:internal/modules/cjs/loader:1689:10)
    at Module.load (node:internal/modules/cjs/loader:1318:32)
    at Function._load (node:internal/modules/cjs/loader:1128:12)
    at TracingChannel.traceSync (node:diagnostics_channel:315:14)
    at wrapModuleLoad (node:internal/modules/cjs/loader:218:24)
    at Module.require (node:internal/modules/cjs/loader:1340:12)
    at require (node:internal/modules/helpers:141:16)
    at setupApp (D:\Work\Express_Secure_App\src\app.js:76:23)
2025-06-01 01:59:24 error Failed to start server, caught by startServer: session is not defined
ReferenceError: session is not defined
    at setupApp (D:\Work\Express_Secure_App\src\app.js:88:9)
    at process.processTicksAndRejections (node:internal/process/task_queues:105:5)
    at async startServer (D:\Work\Express_Secure_App\server.js:28:21)
2025-06-01 02:01:46 error Error: misconfigured csrf
2025-06-01 02:02:57 error Error: misconfigured csrf
